2025-02-28, 17:12:35 - raynest.raynest.raynest               : Running with 4 parallel threads
2025-02-28, 17:12:35 - raynest.raynest.raynest               : Nested samplers: 2
2025-02-28, 17:12:35 - raynest.raynest.raynest               : Ensemble samplers: 2
2025-02-28, 17:12:35 - raynest.raynest.raynest               : Slice samplers: 0
2025-02-28, 17:12:35 - raynest.raynest.raynest               : Hamiltonian samplers: 0
2025-02-28, 17:12:35 - raynest.raynest.raynest               : ray object store size: 1.0 GB
2025-02-28, 17:14:35 - raynest.raynest.raynest               : Running with 4 parallel threads
2025-02-28, 17:14:35 - raynest.raynest.raynest               : Nested samplers: 2
2025-02-28, 17:14:35 - raynest.raynest.raynest               : Ensemble samplers: 2
2025-02-28, 17:14:35 - raynest.raynest.raynest               : Slice samplers: 0
2025-02-28, 17:14:35 - raynest.raynest.raynest               : Hamiltonian samplers: 0
2025-02-28, 17:14:35 - raynest.raynest.raynest               : ray object store size: 1.0 GB
2025-02-28, 17:15:24 - raynest.raynest.raynest               : Running with 4 parallel threads
2025-02-28, 17:15:24 - raynest.raynest.raynest               : Nested samplers: 2
2025-02-28, 17:15:24 - raynest.raynest.raynest               : Ensemble samplers: 2
2025-02-28, 17:15:24 - raynest.raynest.raynest               : Slice samplers: 0
2025-02-28, 17:15:24 - raynest.raynest.raynest               : Hamiltonian samplers: 0
2025-02-28, 17:15:24 - raynest.raynest.raynest               : ray object store size: 1.0 GB
2025-02-28, 17:18:13 - raynest.raynest.raynest               : Running with 4 parallel threads
2025-02-28, 17:18:13 - raynest.raynest.raynest               : Nested samplers: 2
2025-02-28, 17:18:13 - raynest.raynest.raynest               : Ensemble samplers: 2
2025-02-28, 17:18:13 - raynest.raynest.raynest               : Slice samplers: 0
2025-02-28, 17:18:13 - raynest.raynest.raynest               : Hamiltonian samplers: 0
2025-02-28, 17:18:13 - raynest.raynest.raynest               : ray object store size: 1.0 GB
2025-02-28, 17:18:42 - raynest.nest2pos                      : Computed log_evidences: (-0.005913737916498049,)
2025-02-28, 17:18:42 - raynest.nest2pos                      : Relative weights of input files: [1.0]
2025-02-28, 17:18:42 - raynest.nest2pos                      : Relative weights of input files taking into account their length: [1.0]
2025-02-28, 17:18:42 - raynest.nest2pos                      : Number of input samples: [338]
2025-02-28, 17:18:42 - raynest.nest2pos                      : Expected number of samples from each input file [99]
2025-02-28, 17:18:42 - raynest.nest2pos                      : Samples produced: 99
2025-02-28, 17:18:42 - raynest.nest2pos                      : Computed log_evidences: (-0.005913737916498049,)
2025-02-28, 17:18:42 - raynest.nest2pos                      : Relative weights of input files: [1.0]
2025-02-28, 17:18:42 - raynest.nest2pos                      : Relative weights of input files taking into account their length: [1.0]
2025-02-28, 17:18:42 - raynest.nest2pos                      : Number of input samples: [338]
2025-02-28, 17:18:42 - raynest.nest2pos                      : Expected number of samples from each input file [98]
2025-02-28, 17:18:42 - raynest.nest2pos                      : Samples produced: 98
2025-02-28, 17:18:42 - raynest.nest2pos                      : Computed log_evidences: (-0.005913737916498049, -0.005913737916498049)
2025-02-28, 17:18:42 - raynest.nest2pos                      : Relative weights of input files: [1.0, 1.0]
2025-02-28, 17:18:42 - raynest.nest2pos                      : Relative weights of input files taking into account their length: [1.0, 1.0]
2025-02-28, 17:18:42 - raynest.nest2pos                      : Number of input samples: [338, 338]
2025-02-28, 17:18:42 - raynest.nest2pos                      : Expected number of samples from each input file [107, 98]
2025-02-28, 17:18:42 - raynest.nest2pos                      : Samples produced: 205
2025-02-28, 17:18:42 - raynest.raynest.raynest               : Saving output in rosenbrock/
2025-02-28, 17:18:42 - raynest.raynest.raynest               : Checking insertion indeces
2025-02-28, 17:18:42 - raynest.raynest.raynest               : Saving plots in rosenbrock/
2025-02-28, 17:18:43 - raynest.raynest.raynest               : Removing checkpoint file rosenbrock/checkpoints/nested_sampler_resume_0.pkl
2025-02-28, 17:18:45 - raynest.raynest.raynest               : ray correctly shut down. exiting
2025-03-01, 10:44:53 - raynest.raynest.raynest               : Running with 4 parallel threads
2025-03-01, 10:44:53 - raynest.raynest.raynest               : Nested samplers: 2
2025-03-01, 10:44:53 - raynest.raynest.raynest               : Ensemble samplers: 2
2025-03-01, 10:44:53 - raynest.raynest.raynest               : Slice samplers: 0
2025-03-01, 10:44:53 - raynest.raynest.raynest               : Hamiltonian samplers: 0
2025-03-01, 10:44:53 - raynest.raynest.raynest               : ray object store size: 1.0 GB
2025-03-01, 10:45:20 - raynest.nest2pos                      : Computed log_evidences: (-0.008656294500941335,)
2025-03-01, 10:45:20 - raynest.nest2pos                      : Relative weights of input files: [1.0]
2025-03-01, 10:45:20 - raynest.nest2pos                      : Relative weights of input files taking into account their length: [1.0]
2025-03-01, 10:45:20 - raynest.nest2pos                      : Number of input samples: [338]
2025-03-01, 10:45:20 - raynest.nest2pos                      : Expected number of samples from each input file [101]
2025-03-01, 10:45:20 - raynest.nest2pos                      : Samples produced: 101
2025-03-01, 10:45:20 - raynest.nest2pos                      : Computed log_evidences: (-0.005921195433220466,)
2025-03-01, 10:45:20 - raynest.nest2pos                      : Relative weights of input files: [1.0]
2025-03-01, 10:45:20 - raynest.nest2pos                      : Relative weights of input files taking into account their length: [1.0]
2025-03-01, 10:45:20 - raynest.nest2pos                      : Number of input samples: [338]
2025-03-01, 10:45:20 - raynest.nest2pos                      : Expected number of samples from each input file [107]
2025-03-01, 10:45:20 - raynest.nest2pos                      : Samples produced: 107
2025-03-01, 10:45:20 - raynest.nest2pos                      : Computed log_evidences: (-0.008656294500941335, -0.005921195433220466)
2025-03-01, 10:45:20 - raynest.nest2pos                      : Relative weights of input files: [0.9972686379079583, 1.0]
2025-03-01, 10:45:20 - raynest.nest2pos                      : Relative weights of input files taking into account their length: [0.9972686379079584, 1.0]
2025-03-01, 10:45:20 - raynest.nest2pos                      : Number of input samples: [338, 338]
2025-03-01, 10:45:20 - raynest.nest2pos                      : Expected number of samples from each input file [105, 98]
2025-03-01, 10:45:20 - raynest.nest2pos                      : Samples produced: 204
2025-03-01, 10:45:20 - raynest.raynest.raynest               : Saving output in rosenbrock/
2025-03-01, 10:45:21 - raynest.raynest.raynest               : Checking insertion indeces
2025-03-01, 10:45:21 - raynest.raynest.raynest               : Saving plots in rosenbrock/
2025-03-01, 10:45:22 - raynest.raynest.raynest               : Removing checkpoint file rosenbrock/checkpoints/nested_sampler_resume_0.pkl
2025-03-01, 10:45:23 - raynest.raynest.raynest               : ray correctly shut down. exiting
